[ 2023-03-24 11:01:10,496 ] 14 root - INFO - data transformation initiated
[ 2023-03-24 11:02:10,752 ] 15 root - INFO - data transformation initiated
[ 2023-03-24 11:03:33,288 ] 15 root - INFO - data transformation initiated
[ 2023-03-24 11:03:54,956 ] 15 root - INFO - data transformation initiated
[ 2023-03-24 11:09:13,608 ] 15 root - INFO - data transformation initiated
[ 2023-03-24 11:09:13,779 ] 25 root - ERROR - Error occurred: 'Data_transformation' object has no attribute 'column_to_drop'
[ 2023-03-24 11:10:28,041 ] 15 root - INFO - data transformation initiated
[ 2023-03-24 11:10:28,245 ] 26 root - ERROR - Error occurred: 'Data_transformation' object has no attribute 'column_to_drop'
[ 2023-03-24 11:11:59,861 ] 15 root - INFO - data transformation initiated
[ 2023-03-24 11:12:00,033 ] 24 root - WARNING - Column 1 not found in file
[ 2023-03-24 11:13:41,222 ] 15 root - INFO - data transformation initiated
[ 2023-03-24 11:13:41,394 ] 24 root - WARNING - Column comment_number not found in file
[ 2023-03-24 11:14:14,143 ] 15 root - INFO - data transformation initiated
[ 2023-03-24 11:14:14,314 ] 24 root - WARNING - Column comment_number not found in file
[ 2023-03-24 11:18:42,671 ] 17 root - INFO - data transformation initiated
[ 2023-03-24 11:18:42,874 ] 26 root - WARNING - Column comment_number not found in file
[ 2023-03-24 11:19:51,106 ] 7 root - INFO - data transformation initiated
[ 2023-03-24 11:19:51,751 ] 14 root - INFO - Data transformation completed
[ 2023-03-24 11:21:57,695 ] 7 root - INFO - data transformation initiated
[ 2023-03-24 11:21:57,898 ] 16 root - WARNING - Column comment_number not found in file
[ 2023-03-24 11:24:39,580 ] 7 root - INFO - data transformation initiated
[ 2023-03-24 11:24:40,158 ] 14 root - INFO - Data transformation completed
[ 2023-03-24 11:28:36,065 ] 7 root - INFO - data transformation initiated
[ 2023-03-24 11:28:36,268 ] 16 root - WARNING - Column 1 not found in file
[ 2023-03-24 11:29:22,855 ] 7 root - INFO - data transformation initiated
[ 2023-03-24 11:29:23,058 ] 16 root - WARNING - Column 1 not found in file
[ 2023-03-24 11:33:50,277 ] 7 root - INFO - data transformation initiated
[ 2023-03-24 11:33:50,871 ] 14 root - INFO - Data transformation completed
[ 2023-03-24 14:28:12,140 ] 19 root - INFO - building vocabulary
[ 2023-03-24 14:29:54,185 ] 31 root - ERROR - Error occurred: [E1041] Expected a string, Doc, or bytes as input, but got: <class 'float'>
[ 2023-03-24 14:40:32,324 ] 19 root - INFO - building vocabulary
[ 2023-03-24 14:42:13,096 ] 31 root - ERROR - Error occurred: [E1041] Expected a string, Doc, or bytes as input, but got: <class 'float'>
[ 2023-03-24 14:44:03,036 ] 19 root - INFO - building vocabulary
[ 2023-03-24 15:00:51,465 ] 31 root - INFO - completed building vocabulary
